logDefer 2020/12/02 02:40:06 ---Begin---
logDefer 2020/12/02 02:40:06 0
logDefer 2020/12/02 02:40:06 1
logDefer 2020/12/02 02:40:06 2
logDefer 2020/12/02 02:40:06 3
logDefer 2020/12/02 02:40:06 4
logDefer 2020/12/02 02:40:06 ---End-----
logDefer 2020/12/02 02:40:06 ---Begin---
logDefer 2020/12/02 02:40:06 5
logDefer 2020/12/02 02:40:06 4
logDefer 2020/12/02 02:40:06 3
logDefer 2020/12/02 02:40:06 2
logDefer 2020/12/02 02:40:06 1
logDefer 2020/12/02 02:40:06 ---End-----
logDefer 2020/12/02 02:41:08 ---Begin---
logDefer 2020/12/02 02:41:08 0
logDefer 2020/12/02 02:41:08 1
logDefer 2020/12/02 02:41:08 2
logDefer 2020/12/02 02:41:08 3
logDefer 2020/12/02 02:41:08 4
logDefer 2020/12/02 02:41:08 ---End-----
logDefer 2020/12/02 02:41:08 ---Begin---
logDefer 2020/12/02 02:41:08 5
logDefer 2020/12/02 02:41:08 4
logDefer 2020/12/02 02:41:08 3
logDefer 2020/12/02 02:41:08 2
logDefer 2020/12/02 02:41:08 1
logDefer 2020/12/02 02:41:08 ---End-----
logDefer 2020/12/02 02:42:19 >> Start
logDefer 2020/12/02 02:42:20 ---Begin---
logDefer 2020/12/02 02:42:20 0
logDefer 2020/12/02 02:42:20 1
logDefer 2020/12/02 02:42:20 2
logDefer 2020/12/02 02:42:20 3
logDefer 2020/12/02 02:42:20 4
logDefer 2020/12/02 02:42:20 ---End-----
logDefer 2020/12/02 02:42:20 ---Begin---
logDefer 2020/12/02 02:42:20 5
logDefer 2020/12/02 02:42:20 4
logDefer 2020/12/02 02:42:20 3
logDefer 2020/12/02 02:42:20 2
logDefer 2020/12/02 02:42:20 1
logDefer 2020/12/02 02:42:20 ---End-----
logDefer 2020/12/02 02:42:20 >> Stop
